<?xml version="1.0" encoding="UTF-8"?>
<!-- Generated by org.testng.reporters.JUnitReportReporter -->
<testsuite skipped="0" hostname="DESKTOP-SI31G4B" name="serialization.TestResources" tests="3" failures="0" timestamp="11 Mar 2023 16:30:47 GMT" time="5.296" errors="0">
  <testcase name="TestResourcesDataBasic" time="5.288" classname="serialization.TestResources"/>
  <testcase name="TestResourcesDataIDAndYear" time="0.004" classname="serialization.TestResources"/>
  <testcase name="testResourcesColor" time="0.004" classname="serialization.TestResources"/>
</testsuite> <!-- serialization.TestResources -->
