<?xml version="1.0" encoding="UTF-8"?>
<!-- Generated by org.testng.reporters.JUnitReportReporter -->
<testsuite skipped="0" hostname="DESKTOP-SI31G4B" name="TestAPIs" tests="4" failures="0" timestamp="11 Mar 2023 16:30:47 GMT" time="11.311" errors="0">
  <testcase name="testGetActivities" time="2.125" classname="TestAPIs"/>
  <testcase name="testCreateUser" time="6.057" classname="TestAPIs"/>
  <testcase name="testLogin" time="0.751" classname="TestAPIs"/>
  <testcase name="testGetUsersList" time="2.378" classname="TestAPIs"/>
</testsuite> <!-- TestAPIs -->
